This is pdfTeX, Version 3.141592653-2.6-1.40.25 (TeX Live 2023) (preloaded format=pdflatex 2023.9.23)  15 NOV 2023 15:18
entering extended mode
 restricted \write18 enabled.
 %&-line parsing enabled.
**Censo-SUAS-2022.tex
(./Censo-SUAS-2022.tex
LaTeX2e <2023-06-01> patch level 1
L3 programming layer <2023-08-29>
(/home/rstudio.shirley.samico/.TinyTeX/texmf-dist/tex/latex/base/report.cls
Document Class: report 2023/05/17 v1.4n Standard LaTeX document class
(/home/rstudio.shirley.samico/.TinyTeX/texmf-dist/tex/latex/base/size10.clo
File: size10.clo 2023/05/17 v1.4n Standard LaTeX file (size option)
)
\c@part=\count185
\c@chapter=\count186
\c@section=\count187
\c@subsection=\count188
\c@subsubsection=\count189
\c@paragraph=\count190
\c@subparagraph=\count191
\c@figure=\count192
\c@table=\count193
\abovecaptionskip=\skip48
\belowcaptionskip=\skip49
\bibindent=\dimen140
) (/home/rstudio.shirley.samico/.TinyTeX/texmf-dist/tex/latex/amsmath/amsmath.sty
Package: amsmath 2023/05/13 v2.17o AMS math features
\@mathmargin=\skip50
For additional information on amsmath, use the `?' option.
(/home/rstudio.shirley.samico/.TinyTeX/texmf-dist/tex/latex/amsmath/amstext.sty
Package: amstext 2021/08/26 v2.01 AMS text
(/home/rstudio.shirley.samico/.TinyTeX/texmf-dist/tex/latex/amsmath/amsgen.sty
File: amsgen.sty 1999/11/30 v2.0 generic functions
\@emptytoks=\toks17
\ex@=\dimen141
)) (/home/rstudio.shirley.samico/.TinyTeX/texmf-dist/tex/latex/amsmath/amsbsy.sty
Package: amsbsy 1999/11/29 v1.2d Bold Symbols
\pmbraise@=\dimen142
) (/home/rstudio.shirley.samico/.TinyTeX/texmf-dist/tex/latex/amsmath/amsopn.sty
Package: amsopn 2022/04/08 v2.04 operator names
)
\inf@bad=\count194
LaTeX Info: Redefining \frac on input line 234.
\uproot@=\count195
\leftroot@=\count196
LaTeX Info: Redefining \overline on input line 399.
LaTeX Info: Redefining \colon on input line 410.
\classnum@=\count197
\DOTSCASE@=\count198
LaTeX Info: Redefining \ldots on input line 496.
LaTeX Info: Redefining \dots on input line 499.
LaTeX Info: Redefining \cdots on input line 620.
\Mathstrutbox@=\box51
\strutbox@=\box52
LaTeX Info: Redefining \big on input line 722.
LaTeX Info: Redefining \Big on input line 723.
LaTeX Info: Redefining \bigg on input line 724.
LaTeX Info: Redefining \Bigg on input line 725.
\big@size=\dimen143
LaTeX Font Info:    Redeclaring font encoding OML on input line 743.
LaTeX Font Info:    Redeclaring font encoding OMS on input line 744.
\macc@depth=\count199
LaTeX Info: Redefining \bmod on input line 905.
LaTeX Info: Redefining \pmod on input line 910.
LaTeX Info: Redefining \smash on input line 940.
LaTeX Info: Redefining \relbar on input line 970.
LaTeX Info: Redefining \Relbar on input line 971.
\c@MaxMatrixCols=\count266
\dotsspace@=\muskip16
\c@parentequation=\count267
\dspbrk@lvl=\count268
\tag@help=\toks18
\row@=\count269
\column@=\count270
\maxfields@=\count271
\andhelp@=\toks19
\eqnshift@=\dimen144
\alignsep@=\dimen145
\tagshift@=\dimen146
\tagwidth@=\dimen147
\totwidth@=\dimen148
\lineht@=\dimen149
\@envbody=\toks20
\multlinegap=\skip51
\multlinetaggap=\skip52
\mathdisplay@stack=\toks21
LaTeX Info: Redefining \[ on input line 2953.
LaTeX Info: Redefining \] on input line 2954.
) (/home/rstudio.shirley.samico/.TinyTeX/texmf-dist/tex/latex/amsfonts/amssymb.sty
Package: amssymb 2013/01/14 v3.01 AMS font symbols
(/home/rstudio.shirley.samico/.TinyTeX/texmf-dist/tex/latex/amsfonts/amsfonts.sty
Package: amsfonts 2013/01/14 v3.01 Basic AMSFonts support
\symAMSa=\mathgroup4
\symAMSb=\mathgroup5
LaTeX Font Info:    Redeclaring math symbol \hbar on input line 98.
LaTeX Font Info:    Overwriting math alphabet `\mathfrak' in version `bold'
(Font)                  U/euf/m/n --> U/euf/b/n on input line 106.
)) (/home/rstudio.shirley.samico/.TinyTeX/texmf-dist/tex/latex/lm/lmodern.sty
Package: lmodern 2015/05/01 v1.6.1 Latin Modern Fonts
LaTeX Font Info:    Overwriting symbol font `operators' in version `normal'
(Font)                  OT1/cmr/m/n --> OT1/lmr/m/n on input line 22.
LaTeX Font Info:    Overwriting symbol font `letters' in version `normal'
(Font)                  OML/cmm/m/it --> OML/lmm/m/it on input line 23.
LaTeX Font Info:    Overwriting symbol font `symbols' in version `normal'
(Font)                  OMS/cmsy/m/n --> OMS/lmsy/m/n on input line 24.
LaTeX Font Info:    Overwriting symbol font `largesymbols' in version `normal'
(Font)                  OMX/cmex/m/n --> OMX/lmex/m/n on input line 25.
LaTeX Font Info:    Overwriting symbol font `operators' in version `bold'
(Font)                  OT1/cmr/bx/n --> OT1/lmr/bx/n on input line 26.
LaTeX Font Info:    Overwriting symbol font `letters' in version `bold'
(Font)                  OML/cmm/b/it --> OML/lmm/b/it on input line 27.
LaTeX Font Info:    Overwriting symbol font `symbols' in version `bold'
(Font)                  OMS/cmsy/b/n --> OMS/lmsy/b/n on input line 28.
LaTeX Font Info:    Overwriting symbol font `largesymbols' in version `bold'
(Font)                  OMX/cmex/m/n --> OMX/lmex/m/n on input line 29.
LaTeX Font Info:    Overwriting math alphabet `\mathbf' in version `normal'
(Font)                  OT1/cmr/bx/n --> OT1/lmr/bx/n on input line 31.
LaTeX Font Info:    Overwriting math alphabet `\mathsf' in version `normal'
(Font)                  OT1/cmss/m/n --> OT1/lmss/m/n on input line 32.
LaTeX Font Info:    Overwriting math alphabet `\mathit' in version `normal'
(Font)                  OT1/cmr/m/it --> OT1/lmr/m/it on input line 33.
LaTeX Font Info:    Overwriting math alphabet `\mathtt' in version `normal'
(Font)                  OT1/cmtt/m/n --> OT1/lmtt/m/n on input line 34.
LaTeX Font Info:    Overwriting math alphabet `\mathbf' in version `bold'
(Font)                  OT1/cmr/bx/n --> OT1/lmr/bx/n on input line 35.
LaTeX Font Info:    Overwriting math alphabet `\mathsf' in version `bold'
(Font)                  OT1/cmss/bx/n --> OT1/lmss/bx/n on input line 36.
LaTeX Font Info:    Overwriting math alphabet `\mathit' in version `bold'
(Font)                  OT1/cmr/bx/it --> OT1/lmr/bx/it on input line 37.
LaTeX Font Info:    Overwriting math alphabet `\mathtt' in version `bold'
(Font)                  OT1/cmtt/m/n --> OT1/lmtt/m/n on input line 38.
) (/home/rstudio.shirley.samico/.TinyTeX/texmf-dist/tex/generic/iftex/iftex.sty
Package: iftex 2022/02/03 v1.0f TeX engine tests
) (/home/rstudio.shirley.samico/.TinyTeX/texmf-dist/tex/latex/base/fontenc.sty
Package: fontenc 2021/04/29 v2.0v Standard LaTeX package
LaTeX Font Info:    Trying to load font information for T1+lmr on input line 112.
(/home/rstudio.shirley.samico/.TinyTeX/texmf-dist/tex/latex/lm/t1lmr.fd
File: t1lmr.fd 2015/05/01 v1.6.1 Font defs for Latin Modern
)) (/home/rstudio.shirley.samico/.TinyTeX/texmf-dist/tex/latex/base/inputenc.sty
Package: inputenc 2021/02/14 v1.3d Input encoding file
\inpenc@prehook=\toks22
\inpenc@posthook=\toks23
) (/home/rstudio.shirley.samico/.TinyTeX/texmf-dist/tex/latex/base/textcomp.sty
Package: textcomp 2020/02/02 v2.0n Standard LaTeX package
) (/home/rstudio.shirley.samico/.TinyTeX/texmf-dist/tex/latex/microtype/microtype.sty
Package: microtype 2023/03/13 v3.1a Micro-typographical refinements (RS)
(/home/rstudio.shirley.samico/.TinyTeX/texmf-dist/tex/latex/graphics/keyval.sty
Package: keyval 2022/05/29 v1.15 key=value parser (DPC)
\KV@toks@=\toks24
) (/home/rstudio.shirley.samico/.TinyTeX/texmf-dist/tex/latex/etoolbox/etoolbox.sty
Package: etoolbox 2020/10/05 v2.5k e-TeX tools for LaTeX (JAW)
\etb@tempcnta=\count272
)
\MT@toks=\toks25
\MT@tempbox=\box53
\MT@count=\count273
LaTeX Info: Redefining \noprotrusionifhmode on input line 1059.
LaTeX Info: Redefining \leftprotrusion on input line 1060.
\MT@prot@toks=\toks26
LaTeX Info: Redefining \rightprotrusion on input line 1078.
LaTeX Info: Redefining \textls on input line 1368.
\MT@outer@kern=\dimen150
LaTeX Info: Redefining \textmicrotypecontext on input line 1988.
\MT@listname@count=\count274
(/home/rstudio.shirley.samico/.TinyTeX/texmf-dist/tex/latex/microtype/microtype-pdftex.def
File: microtype-pdftex.def 2023/03/13 v3.1a Definitions specific to pdftex (RS)
LaTeX Info: Redefining \lsstyle on input line 902.
LaTeX Info: Redefining \lslig on input line 902.
\MT@outer@space=\skip53
)
Package microtype Info: Loading configuration file microtype.cfg.
(/home/rstudio.shirley.samico/.TinyTeX/texmf-dist/tex/latex/microtype/microtype.cfg
File: microtype.cfg 2023/03/13 v3.1a microtype main configuration file (RS)
)) (/home/rstudio.shirley.samico/.TinyTeX/texmf-dist/tex/latex/xcolor/xcolor.sty
Package: xcolor 2022/06/12 v2.14 LaTeX color extensions (UK)
(/home/rstudio.shirley.samico/.TinyTeX/texmf-dist/tex/latex/graphics-cfg/color.cfg
File: color.cfg 2016/01/02 v1.6 sample color configuration
)
Package xcolor Info: Driver file: pdftex.def on input line 227.
(/home/rstudio.shirley.samico/.TinyTeX/texmf-dist/tex/latex/graphics-def/pdftex.def
File: pdftex.def 2022/09/22 v1.2b Graphics/color driver for pdftex
) (/home/rstudio.shirley.samico/.TinyTeX/texmf-dist/tex/latex/graphics/mathcolor.ltx)
Package xcolor Info: Model `cmy' substituted by `cmy0' on input line 1353.
Package xcolor Info: Model `hsb' substituted by `rgb' on input line 1357.
Package xcolor Info: Model `RGB' extended on input line 1369.
Package xcolor Info: Model `HTML' substituted by `rgb' on input line 1371.
Package xcolor Info: Model `Hsb' substituted by `hsb' on input line 1372.
Package xcolor Info: Model `tHsb' substituted by `hsb' on input line 1373.
Package xcolor Info: Model `HSB' substituted by `hsb' on input line 1374.
Package xcolor Info: Model `Gray' substituted by `gray' on input line 1375.
Package xcolor Info: Model `wave' substituted by `hsb' on input line 1376.
) (/home/rstudio.shirley.samico/.TinyTeX/texmf-dist/tex/latex/graphics/graphicx.sty
Package: graphicx 2021/09/16 v1.2d Enhanced LaTeX Graphics (DPC,SPQR)
(/home/rstudio.shirley.samico/.TinyTeX/texmf-dist/tex/latex/graphics/graphics.sty
Package: graphics 2022/03/10 v1.4e Standard LaTeX Graphics (DPC,SPQR)
(/home/rstudio.shirley.samico/.TinyTeX/texmf-dist/tex/latex/graphics/trig.sty
Package: trig 2021/08/11 v1.11 sin cos tan (DPC)
) (/home/rstudio.shirley.samico/.TinyTeX/texmf-dist/tex/latex/graphics-cfg/graphics.cfg
File: graphics.cfg 2016/06/04 v1.11 sample graphics configuration
)
Package graphics Info: Driver file: pdftex.def on input line 107.
)
\Gin@req@height=\dimen151
\Gin@req@width=\dimen152
) (/home/rstudio.shirley.samico/.TinyTeX/texmf-dist/tex/generic/babel/babel.sty
Package: babel 2023/09/12 v3.94 The Babel package
\babel@savecnt=\count275
\U@D=\dimen153
\l@unhyphenated=\language3
(/home/rstudio.shirley.samico/.TinyTeX/texmf-dist/tex/generic/babel/txtbabel.def)
\bbl@readstream=\read2
\bbl@dirlevel=\count276
Package babel Info: You haven't specified a language as a class or package
(babel)             option. I'll load 'nil'. Reported on input line 4295.
(/home/rstudio.shirley.samico/.TinyTeX/texmf-dist/tex/generic/babel/nil.ldf
Language: nil 2023/09/12 v3.94 Nil language
\l@nil=\language4
)) (/home/rstudio.shirley.samico/.TinyTeX/texmf-dist/tex/latex/booktabs/booktabs.sty
Package: booktabs 2020/01/12 v1.61803398 Publication quality tables
\heavyrulewidth=\dimen154
\lightrulewidth=\dimen155
\cmidrulewidth=\dimen156
\belowrulesep=\dimen157
\belowbottomsep=\dimen158
\aboverulesep=\dimen159
\abovetopsep=\dimen160
\cmidrulesep=\dimen161
\cmidrulekern=\dimen162
\defaultaddspace=\dimen163
\@cmidla=\count277
\@cmidlb=\count278
\@aboverulesep=\dimen164
\@belowrulesep=\dimen165
\@thisruleclass=\count279
\@lastruleclass=\count280
\@thisrulewidth=\dimen166
) (/home/rstudio.shirley.samico/.TinyTeX/texmf-dist/tex/latex/tabulary/tabulary.sty
Package: tabulary 2014/06/11 v0.10 tabulary package (DPC)
(/home/rstudio.shirley.samico/.TinyTeX/texmf-dist/tex/latex/tools/array.sty
Package: array 2022/09/04 v2.5g Tabular extension package (FMi)
\col@sep=\dimen167
\ar@mcellbox=\box54
\extrarowheight=\dimen168
\NC@list=\toks27
\extratabsurround=\skip54
\backup@length=\skip55
\ar@cellbox=\box55
)
\TY@count=\count281
\TY@linewidth=\dimen169
\tymin=\dimen170
\tymax=\dimen171
\TY@tablewidth=\dimen172
) (/home/rstudio.shirley.samico/.TinyTeX/texmf-dist/tex/latex/hyperref/hyperref.sty
Package: hyperref 2023-07-08 v7.01b Hypertext links for LaTeX
(/home/rstudio.shirley.samico/.TinyTeX/texmf-dist/tex/generic/ltxcmds/ltxcmds.sty
Package: ltxcmds 2020-05-10 v1.25 LaTeX kernel commands for general use (HO)
) (/home/rstudio.shirley.samico/.TinyTeX/texmf-dist/tex/generic/pdftexcmds/pdftexcmds.sty
Package: pdftexcmds 2020-06-27 v0.33 Utility functions of pdfTeX for LuaTeX (HO)
(/home/rstudio.shirley.samico/.TinyTeX/texmf-dist/tex/generic/infwarerr/infwarerr.sty
Package: infwarerr 2019/12/03 v1.5 Providing info/warning/error messages (HO)
)
Package pdftexcmds Info: \pdf@primitive is available.
Package pdftexcmds Info: \pdf@ifprimitive is available.
Package pdftexcmds Info: \pdfdraftmode found.
) (/home/rstudio.shirley.samico/.TinyTeX/texmf-dist/tex/latex/kvsetkeys/kvsetkeys.sty
Package: kvsetkeys 2022-10-05 v1.19 Key value parser (HO)
) (/home/rstudio.shirley.samico/.TinyTeX/texmf-dist/tex/generic/kvdefinekeys/kvdefinekeys.sty
Package: kvdefinekeys 2019-12-19 v1.6 Define keys (HO)
) (/home/rstudio.shirley.samico/.TinyTeX/texmf-dist/tex/generic/pdfescape/pdfescape.sty
Package: pdfescape 2019/12/09 v1.15 Implements pdfTeX's escape features (HO)
) (/home/rstudio.shirley.samico/.TinyTeX/texmf-dist/tex/latex/hycolor/hycolor.sty
Package: hycolor 2020-01-27 v1.10 Color options for hyperref/bookmark (HO)
) (/home/rstudio.shirley.samico/.TinyTeX/texmf-dist/tex/latex/letltxmacro/letltxmacro.sty
Package: letltxmacro 2019/12/03 v1.6 Let assignment for LaTeX macros (HO)
) (/home/rstudio.shirley.samico/.TinyTeX/texmf-dist/tex/latex/auxhook/auxhook.sty
Package: auxhook 2019-12-17 v1.6 Hooks for auxiliary files (HO)
) (/home/rstudio.shirley.samico/.TinyTeX/texmf-dist/tex/latex/hyperref/nameref.sty
Package: nameref 2023-08-07 v2.53 Cross-referencing by name of section
(/home/rstudio.shirley.samico/.TinyTeX/texmf-dist/tex/latex/refcount/refcount.sty
Package: refcount 2019/12/15 v3.6 Data extraction from label references (HO)
) (/home/rstudio.shirley.samico/.TinyTeX/texmf-dist/tex/generic/gettitlestring/gettitlestring.sty
Package: gettitlestring 2019/12/15 v1.6 Cleanup title references (HO)
(/home/rstudio.shirley.samico/.TinyTeX/texmf-dist/tex/latex/kvoptions/kvoptions.sty
Package: kvoptions 2022-06-15 v3.15 Key value format for package options (HO)
))
\c@section@level=\count282
)
\@linkdim=\dimen173
\Hy@linkcounter=\count283
\Hy@pagecounter=\count284
(/home/rstudio.shirley.samico/.TinyTeX/texmf-dist/tex/latex/hyperref/pd1enc.def
File: pd1enc.def 2023-07-08 v7.01b Hyperref: PDFDocEncoding definition (HO)
Now handling font encoding PD1 ...
... no UTF-8 mapping file for font encoding PD1
) (/home/rstudio.shirley.samico/.TinyTeX/texmf-dist/tex/generic/intcalc/intcalc.sty
Package: intcalc 2019/12/15 v1.3 Expandable calculations with integers (HO)
)
\Hy@SavedSpaceFactor=\count285
(/home/rstudio.shirley.samico/.TinyTeX/texmf-dist/tex/latex/hyperref/puenc.def
File: puenc.def 2023-07-08 v7.01b Hyperref: PDF Unicode definition (HO)
Now handling font encoding PU ...
... no UTF-8 mapping file for font encoding PU
)
Package hyperref Info: Option `unicode' set `true' on input line 4050.
Package hyperref Info: Hyper figures OFF on input line 4167.
Package hyperref Info: Link nesting OFF on input line 4172.
Package hyperref Info: Hyper index ON on input line 4175.
Package hyperref Info: Plain pages OFF on input line 4182.
Package hyperref Info: Backreferencing OFF on input line 4187.
Package hyperref Info: Implicit mode ON; LaTeX internals redefined.
Package hyperref Info: Bookmarks ON on input line 4434.
\c@Hy@tempcnt=\count286
(/home/rstudio.shirley.samico/.TinyTeX/texmf-dist/tex/latex/url/url.sty
\Urlmuskip=\muskip17
Package: url 2013/09/16  ver 3.4  Verb mode for urls, etc.
)
LaTeX Info: Redefining \url on input line 4772.
\XeTeXLinkMargin=\dimen174
(/home/rstudio.shirley.samico/.TinyTeX/texmf-dist/tex/generic/bitset/bitset.sty
Package: bitset 2019/12/09 v1.3 Handle bit-vector datatype (HO)
(/home/rstudio.shirley.samico/.TinyTeX/texmf-dist/tex/generic/bigintcalc/bigintcalc.sty
Package: bigintcalc 2019/12/15 v1.5 Expandable calculations on big integers (HO)
))
\Fld@menulength=\count287
\Field@Width=\dimen175
\Fld@charsize=\dimen176
Package hyperref Info: Hyper figures OFF on input line 6051.
Package hyperref Info: Link nesting OFF on input line 6056.
Package hyperref Info: Hyper index ON on input line 6059.
Package hyperref Info: backreferencing OFF on input line 6066.
Package hyperref Info: Link coloring OFF on input line 6071.
Package hyperref Info: Link coloring with OCG OFF on input line 6076.
Package hyperref Info: PDF/A mode OFF on input line 6081.
(/home/rstudio.shirley.samico/.TinyTeX/texmf-dist/tex/latex/base/atbegshi-ltx.sty
Package: atbegshi-ltx 2021/01/10 v1.0c Emulation of the original atbegshi
package with kernel methods
)
\Hy@abspage=\count288
\c@Item=\count289
\c@Hfootnote=\count290
)
Package hyperref Info: Driver (autodetected): hpdftex.
(/home/rstudio.shirley.samico/.TinyTeX/texmf-dist/tex/latex/hyperref/hpdftex.def
File: hpdftex.def 2023-07-08 v7.01b Hyperref driver for pdfTeX
(/home/rstudio.shirley.samico/.TinyTeX/texmf-dist/tex/latex/base/atveryend-ltx.sty
Package: atveryend-ltx 2020/08/19 v1.0a Emulation of the original atveryend package
with kernel methods
)
\Fld@listcount=\count291
\c@bookmark@seq@number=\count292
(/home/rstudio.shirley.samico/.TinyTeX/texmf-dist/tex/latex/rerunfilecheck/rerunfilecheck.sty
Package: rerunfilecheck 2022-07-10 v1.10 Rerun checks for auxiliary files (HO)
(/home/rstudio.shirley.samico/.TinyTeX/texmf-dist/tex/generic/uniquecounter/uniquecounter.sty
Package: uniquecounter 2019/12/15 v1.4 Provide unlimited unique counter (HO)
)
Package uniquecounter Info: New unique counter `rerunfilecheck' on input line 285.
)
\Hy@SectionHShift=\skip56
) (/home/rstudio.shirley.samico/.TinyTeX/texmf-dist/tex/latex/multirow/multirow.sty
Package: multirow 2021/03/15 v2.8 Span multiple rows of a table
\multirow@colwidth=\skip57
\multirow@cntb=\count293
\multirow@dima=\skip58
\bigstrutjot=\dimen177
) (/home/rstudio.shirley.samico/.TinyTeX/texmf-dist/tex/latex/chngcntr/chngcntr.sty
Package: chngcntr 2018/04/09 v1.1a change counter resetting
Package chngcntr Info: \counterwithout already defined.
(chngcntr)             Quitting chngcntr on input line 21.
) (/home/rstudio.shirley.samico/.TinyTeX/texmf-dist/tex/latex/caption/caption.sty
Package: caption 2023/07/31 v3.6n Customizing captions (AR)
(/home/rstudio.shirley.samico/.TinyTeX/texmf-dist/tex/latex/caption/caption3.sty
Package: caption3 2023/07/31 v2.4d caption3 kernel (AR)
\caption@tempdima=\dimen178
\captionmargin=\dimen179
\caption@leftmargin=\dimen180
\caption@rightmargin=\dimen181
\caption@width=\dimen182
\caption@indent=\dimen183
\caption@parindent=\dimen184
\caption@hangindent=\dimen185
Package caption Info: Standard document class detected.
)
\c@caption@flags=\count294
\c@continuedfloat=\count295
Package caption Info: hyperref package is loaded.
) (/home/rstudio.shirley.samico/.TinyTeX/texmf-dist/tex/latex/floatrow/floatrow.sty
Package: floatrow 2008/08/02 v0.3b floatrow: float package extension
\c@float@type=\count296
\float@exts=\toks28
\float@box=\box56
\@floatcapt=\box57
Package floatrow Info: Modified float package code loaded on input line 455.
Package floatrow Info: Modified rotfloat package code loaded on input line 473.
\FR@everyfloat=\toks29
\flrow@foot=\insert252
\FB@wd=\dimen186
\FBo@wd=\dimen187
\FBc@wd=\dimen188
\FBo@ht=\skip59
\FBc@ht=\skip60
\FBf@ht=\skip61
\FBo@max=\skip62
\FBc@max=\skip63
\FBf@max=\skip64
\c@FBl@b=\count297
\floatbox@depth=\count298
\c@FRobj=\count299
\c@FRsobj=\count300
\Xhsize=\skip65
\sXhsize=\skip66
\Zhsize=\skip67
\sZhsize=\skip68
\flrow@rowbox=\box58
\FR@Zunitlength=\dimen189
\c@FBcnt=\count301
\FPOScnt=\count302
\LTleft=\skip69
\LTright=\skip70
\LTleft=\skip71
\LTright=\skip72
\flrow@types=\toks30
) (/home/rstudio.shirley.samico/.TinyTeX/texmf-dist/tex/latex/titling/titling.sty
Package: titling 2009/09/04 v2.1d maketitle typesetting
\thanksmarkwidth=\skip73
\thanksmargin=\skip74
\droptitle=\skip75
) (/home/rstudio.shirley.samico/.TinyTeX/texmf-dist/tex/latex/cleveref/cleveref.sty
Package: cleveref 2018/03/27 v0.21.4 Intelligent cross-referencing
Package cleveref Info: `hyperref' support loaded on input line 2370.
LaTeX Info: Redefining \cref on input line 2370.
LaTeX Info: Redefining \Cref on input line 2370.
LaTeX Info: Redefining \crefrange on input line 2370.
LaTeX Info: Redefining \Crefrange on input line 2370.
LaTeX Info: Redefining \cpageref on input line 2370.
LaTeX Info: Redefining \Cpageref on input line 2370.
LaTeX Info: Redefining \cpagerefrange on input line 2370.
LaTeX Info: Redefining \Cpagerefrange on input line 2370.
LaTeX Info: Redefining \labelcref on input line 2370.
LaTeX Info: Redefining \labelcpageref on input line 2370.
) (/home/rstudio.shirley.samico/.TinyTeX/texmf-dist/tex/latex/l3backend/l3backend-pdftex.def
File: l3backend-pdftex.def 2023-04-19 L3 backend support: PDF output (pdfTeX)
\l__color_backend_stack_int=\count303
\l__pdf_internal_box=\box59
)
No file Censo-SUAS-2022.aux.
\openout1 = `Censo-SUAS-2022.aux'.

LaTeX Font Info:    Checking defaults for OML/cmm/m/it on input line 93.
LaTeX Font Info:    ... okay on input line 93.
LaTeX Font Info:    Checking defaults for OMS/cmsy/m/n on input line 93.
LaTeX Font Info:    ... okay on input line 93.
LaTeX Font Info:    Checking defaults for OT1/cmr/m/n on input line 93.
LaTeX Font Info:    ... okay on input line 93.
LaTeX Font Info:    Checking defaults for T1/cmr/m/n on input line 93.
LaTeX Font Info:    ... okay on input line 93.
LaTeX Font Info:    Checking defaults for TS1/cmr/m/n on input line 93.
LaTeX Font Info:    ... okay on input line 93.
LaTeX Font Info:    Checking defaults for OMX/cmex/m/n on input line 93.
LaTeX Font Info:    ... okay on input line 93.
LaTeX Font Info:    Checking defaults for U/cmr/m/n on input line 93.
LaTeX Font Info:    ... okay on input line 93.
LaTeX Font Info:    Checking defaults for PD1/pdf/m/n on input line 93.
LaTeX Font Info:    ... okay on input line 93.
LaTeX Font Info:    Checking defaults for PU/pdf/m/n on input line 93.
LaTeX Font Info:    ... okay on input line 93.
LaTeX Info: Redefining \microtypecontext on input line 93.
Package microtype Info: Applying patch `item' on input line 93.
Package microtype Info: Applying patch `toc' on input line 93.
Package microtype Info: Applying patch `eqnum' on input line 93.
Package microtype Info: Applying patch `footnote' on input line 93.
Package microtype Info: Applying patch `verbatim' on input line 93.
Package microtype Info: Generating PDF output.
Package microtype Info: Character protrusion enabled (level 2).
Package microtype Info: Using protrusion set `basicmath'.
Package microtype Info: Automatic font expansion enabled (level 2),
(microtype)             stretch: 20, shrink: 20, step: 1, non-selected.
Package microtype Info: Using default expansion set `alltext-nott'.
LaTeX Info: Redefining \showhyphens on input line 93.
Package microtype Info: No adjustment of tracking.
Package microtype Info: No adjustment of interword spacing.
Package microtype Info: No adjustment of character kerning.
(/home/rstudio.shirley.samico/.TinyTeX/texmf-dist/tex/latex/microtype/mt-cmr.cfg
File: mt-cmr.cfg 2013/05/19 v2.2 microtype config. file: Computer Modern Roman (RS)
) (/home/rstudio.shirley.samico/.TinyTeX/texmf-dist/tex/latex/epstopdf-pkg/epstopdf-base.sty
Package: epstopdf-base 2020-01-24 v2.11 Base part for package epstopdf
Package epstopdf-base Info: Redefining graphics rule for `.eps' on input line 485.
(/home/rstudio.shirley.samico/.TinyTeX/texmf-dist/tex/latex/latexconfig/epstopdf-sys.cfg
File: epstopdf-sys.cfg 2010/07/13 v1.3 Configuration of (r)epstopdf for TeX Live
))
Package hyperref Info: Link coloring OFF on input line 93.
\@outlinefile=\write3
\openout3 = `Censo-SUAS-2022.out'.

Package caption Info: Begin \AtBeginDocument code.
Package caption Info: float package is loaded.
Package caption Info: floatrow package is loaded.
Package caption Info: floatrow package is loaded.
Package caption Info: End \AtBeginDocument code.
LaTeX Font Info:    Trying to load font information for OT1+lmr on input line 94.
(/home/rstudio.shirley.samico/.TinyTeX/texmf-dist/tex/latex/lm/ot1lmr.fd
File: ot1lmr.fd 2015/05/01 v1.6.1 Font defs for Latin Modern
)
LaTeX Font Info:    Trying to load font information for OML+lmm on input line 94.
(/home/rstudio.shirley.samico/.TinyTeX/texmf-dist/tex/latex/lm/omllmm.fd
File: omllmm.fd 2015/05/01 v1.6.1 Font defs for Latin Modern
)
LaTeX Font Info:    Trying to load font information for OMS+lmsy on input line 94.
(/home/rstudio.shirley.samico/.TinyTeX/texmf-dist/tex/latex/lm/omslmsy.fd
File: omslmsy.fd 2015/05/01 v1.6.1 Font defs for Latin Modern
)
LaTeX Font Info:    Trying to load font information for OMX+lmex on input line 94.
(/home/rstudio.shirley.samico/.TinyTeX/texmf-dist/tex/latex/lm/omxlmex.fd
File: omxlmex.fd 2015/05/01 v1.6.1 Font defs for Latin Modern
)
LaTeX Font Info:    External font `lmex10' loaded for size
(Font)              <12> on input line 94.
LaTeX Font Info:    External font `lmex10' loaded for size
(Font)              <8> on input line 94.
LaTeX Font Info:    External font `lmex10' loaded for size
(Font)              <6> on input line 94.
LaTeX Font Info:    Trying to load font information for U+msa on input line 94.
(/home/rstudio.shirley.samico/.TinyTeX/texmf-dist/tex/latex/amsfonts/umsa.fd
File: umsa.fd 2013/01/14 v3.01 AMS symbols A
) (/home/rstudio.shirley.samico/.TinyTeX/texmf-dist/tex/latex/microtype/mt-msa.cfg
File: mt-msa.cfg 2006/02/04 v1.1 microtype config. file: AMS symbols (a) (RS)
)
LaTeX Font Info:    Trying to load font information for U+msb on input line 94.
(/home/rstudio.shirley.samico/.TinyTeX/texmf-dist/tex/latex/amsfonts/umsb.fd
File: umsb.fd 2013/01/14 v3.01 AMS symbols B
) (/home/rstudio.shirley.samico/.TinyTeX/texmf-dist/tex/latex/microtype/mt-msb.cfg
File: mt-msb.cfg 2005/06/01 v1.0 microtype config. file: AMS symbols (b) (RS)
)
Overfull \hbox (75.13509pt too wide) in paragraph at lines 94--94
 [] 
 []

[1

{/home/rstudio.shirley.samico/.TinyTeX/texmf-var/fonts/map/pdftex/updmap/pdftex.map}{/home/rstudio.shirley.samico/.TinyTeX/texmf-dist/fonts/enc/dvips/lm/lm-ec.enc}]
pdfTeX warning (ext4): destination with the same identifier (name{page.1}) has been already used, duplicate ignored
<to be read again> 
                   \relax 
l.161 
       [1

] [2]
No file Censo-SUAS-2022.toc.
\tf@toc=\write4
\openout4 = `Censo-SUAS-2022.toc'.

[3

] [4

]
LaTeX Font Info:    External font `lmex10' loaded for size
(Font)              <10> on input line 251.
LaTeX Font Info:    External font `lmex10' loaded for size
(Font)              <7> on input line 251.
LaTeX Font Info:    External font `lmex10' loaded for size
(Font)              <5> on input line 251.
LaTeX Font Info:    Trying to load font information for TS1+lmr on input line 254.
(/home/rstudio.shirley.samico/.TinyTeX/texmf-dist/tex/latex/lm/ts1lmr.fd
File: ts1lmr.fd 2015/05/01 v1.6.1 Font defs for Latin Modern
)
Underfull \hbox (badness 2080) in paragraph at lines 253--270
[]\T1/lmr/m/n/10 (+20) Considerando a nova configuração da Assistência Social definida pela
 []


LaTeX Warning: Reference `tab:marcos' on page 1 undefined on input line 273.

[5{/home/rstudio.shirley.samico/.TinyTeX/texmf-dist/fonts/enc/dvips/lm/lm-ts1.enc}]

LaTeX Warning: No positions in optional float specifier.
               Default added (so using `tbp') on input line 275.


Overfull \hbox (6.9418pt too wide) in paragraph at lines 284--284
 []\T1/lmr/m/n/10 (-20) LOAS| 
 []


Overfull \hbox (7.0913pt too wide) in paragraph at lines 284--284
 []\T1/lmr/m/n/10 (-20) PNAS| 
 []


Overfull \hbox (7.0913pt too wide) in paragraph at lines 284--284
 []\T1/lmr/m/n/10 (-20) PNAS| 
 []


Underfull \hbox (badness 10000) in paragraph at lines 319--319
[][][]\T1/lmr/m/n/8 (+20) Norma Operacional Básica NOB/SUAS. Construindo as bases para
 []


Underfull \hbox (badness 10000) in paragraph at lines 319--319
\T1/lmr/m/n/8 (+20) a implantação do Sistema Único de Assistência Social. Disponível em:
 []

[6] [7]
Chapter 1.
[8

]
Underfull \hbox (badness 2134) in paragraph at lines 437--445
[]\T1/lmr/bx/n/10 (+20) Questionário Centro de Referência de Assistência Social
 []

[9]
Underfull \hbox (badness 1365) in paragraph at lines 461--467
\T1/lmr/m/n/10 (+20) Serviço Especializado para Pessoas em Situação de Rua; Serviço
 []


Underfull \hbox (badness 1189) in paragraph at lines 473--479
[]\T1/lmr/bx/n/10 (+20) Questionário Unidades de Acolhimento: \T1/lmr/m/n/10 (+20) 7 Blocos, são eles:
 []


Underfull \hbox (badness 3019) in paragraph at lines 490--496
[]\T1/lmr/bx/n/10 (+20) Questionário Conselhos Municipais de Assistência Social
 []


Underfull \hbox (badness 1803) in paragraph at lines 497--501
\T1/lmr/m/n/10 (+20) 10 Blocos, são eles: Identificação; Regulação; Infraestrutura do
 []

[10]

LaTeX Warning: Reference `tab:cronograma' on page 1 undefined on input line 529.


LaTeX Warning: No positions in optional float specifier.
               Default added (so using `tbp') on input line 531.


Overfull \hbox (35.48917pt too wide) in paragraph at lines 535--555
 [][] 
 []

[11]
Underfull \hbox (badness 2735) in paragraph at lines 572--575
[]\T1/lmr/m/n/10 (+20) Questionários totalmente preenchidos e devidamente salvos pelos
 []


LaTeX Warning: Reference `tab:qtd_orgaos' on page 1 undefined on input line 587.


LaTeX Warning: Reference `tab:qtd_equipamentos' on page 1 undefined on input line 587.


LaTeX Warning: No positions in optional float specifier.
               Default added (so using `tbp') on input line 589.

[12] [13]
Chapter 2.
[14

]

LaTeX Warning: Reference `fig:estados-caracteristica-secretaria' on page 1 undefined on input line 707.

<Censo-SUAS-2022_files/figure-latex/estados-caracteristica-secretaria-2022-1.pdf, id=122, 469.755pt x 325.215pt>
File: Censo-SUAS-2022_files/figure-latex/estados-caracteristica-secretaria-2022-1.pdf Graphic file (type pdf)
<use Censo-SUAS-2022_files/figure-latex/estados-caracteristica-secretaria-2022-1.pdf>
Package pdftex.def Info: Censo-SUAS-2022_files/figure-latex/estados-caracteristica-secretaria-2022-1.pdf  used on input line 713.
(pdftex.def)             Requested size: 344.997pt x 238.84406pt.
<Censo-SUAS-2022_files/figure-latex/estados-caracteristica-secretaria-2012-1.pdf, id=123, 469.755pt x 325.215pt>
File: Censo-SUAS-2022_files/figure-latex/estados-caracteristica-secretaria-2012-1.pdf Graphic file (type pdf)
<use Censo-SUAS-2022_files/figure-latex/estados-caracteristica-secretaria-2012-1.pdf>
Package pdftex.def Info: Censo-SUAS-2022_files/figure-latex/estados-caracteristica-secretaria-2012-1.pdf  used on input line 717.
(pdftex.def)             Requested size: 344.997pt x 238.84406pt.

LaTeX Warning: Reference `fig:secretarias-municipais-exclusivas' on page 1 undefined on input line 725.

<Censo-SUAS-2022_files/figure-latex/secretarias-municipais-exclusivas-1.pdf, id=125, 469.755pt x 325.215pt>
File: Censo-SUAS-2022_files/figure-latex/secretarias-municipais-exclusivas-1.pdf Graphic file (type pdf)
<use Censo-SUAS-2022_files/figure-latex/secretarias-municipais-exclusivas-1.pdf>
Package pdftex.def Info: Censo-SUAS-2022_files/figure-latex/secretarias-municipais-exclusivas-1.pdf  used on input line 728.
(pdftex.def)             Requested size: 344.997pt x 238.84406pt.
[15 <./Censo-SUAS-2022_files/figure-latex/estados-caracteristica-secretaria-2022-1.pdf>] [16 <./Censo-SUAS-2022_files/figure-latex/estados-caracteristica-secretaria-2012-1.pdf>] [17 <./Censo-SUAS-2022_files/figure-latex/secretarias-municipais-exclusivas-1.pdf>]

LaTeX Warning: Reference `fig:estados-constituicao-subdivisoes' on page 1 undefined on input line 760.

<Censo-SUAS-2022_files/figure-latex/estados-constituicao-subdivisoes-1.pdf, id=161, 469.755pt x 325.215pt>
File: Censo-SUAS-2022_files/figure-latex/estados-constituicao-subdivisoes-1.pdf Graphic file (type pdf)
<use Censo-SUAS-2022_files/figure-latex/estados-constituicao-subdivisoes-1.pdf>
Package pdftex.def Info: Censo-SUAS-2022_files/figure-latex/estados-constituicao-subdivisoes-1.pdf  used on input line 763.
(pdftex.def)             Requested size: 344.997pt x 238.84406pt.

Underfull \hbox (badness 1552) in paragraph at lines 766--770
[]\T1/lmr/m/n/10 (+20) No que se refere aos municípios, a última pactuação sobre estrutura
 []


LaTeX Warning: Reference `fig:municipais-constituicao-subdivisoes' on page 1 undefined on input line 788.

<Censo-SUAS-2022_files/figure-latex/municipais-constituicao-subdivisoes-1.pdf, id=163, 469.755pt x 325.215pt>
File: Censo-SUAS-2022_files/figure-latex/municipais-constituicao-subdivisoes-1.pdf Graphic file (type pdf)
<use Censo-SUAS-2022_files/figure-latex/municipais-constituicao-subdivisoes-1.pdf>
Package pdftex.def Info: Censo-SUAS-2022_files/figure-latex/municipais-constituicao-subdivisoes-1.pdf  used on input line 794.
(pdftex.def)             Requested size: 344.997pt x 238.84406pt.
[18] [19 <./Censo-SUAS-2022_files/figure-latex/estados-constituicao-subdivisoes-1.pdf>] [20 <./Censo-SUAS-2022_files/figure-latex/municipais-constituicao-subdivisoes-1.pdf>]
<Censo-SUAS-2022_files/figure-latex/estados-atualizacao-lei-1.pdf, id=198, 469.755pt x 325.215pt>
File: Censo-SUAS-2022_files/figure-latex/estados-atualizacao-lei-1.pdf Graphic file (type pdf)
<use Censo-SUAS-2022_files/figure-latex/estados-atualizacao-lei-1.pdf>
Package pdftex.def Info: Censo-SUAS-2022_files/figure-latex/estados-atualizacao-lei-1.pdf  used on input line 819.
(pdftex.def)             Requested size: 344.997pt x 238.84406pt.

LaTeX Warning: Reference `fig:municipios-atualizacao-lei' on page 1 undefined on input line 827.

[21 <./Censo-SUAS-2022_files/figure-latex/estados-atualizacao-lei-1.pdf>]
<Censo-SUAS-2022_files/figure-latex/municipios-atualizacao-lei-1.pdf, id=212, 469.755pt x 325.215pt>
File: Censo-SUAS-2022_files/figure-latex/municipios-atualizacao-lei-1.pdf Graphic file (type pdf)
<use Censo-SUAS-2022_files/figure-latex/municipios-atualizacao-lei-1.pdf>
Package pdftex.def Info: Censo-SUAS-2022_files/figure-latex/municipios-atualizacao-lei-1.pdf  used on input line 831.
(pdftex.def)             Requested size: 344.997pt x 238.84406pt.

LaTeX Warning: Reference `fig:PEAS' on page 1 undefined on input line 840.

<Censo-SUAS-2022_files/figure-latex/PEAS-1.pdf, id=214, 469.755pt x 325.215pt>
File: Censo-SUAS-2022_files/figure-latex/PEAS-1.pdf Graphic file (type pdf)
<use Censo-SUAS-2022_files/figure-latex/PEAS-1.pdf>
Package pdftex.def Info: Censo-SUAS-2022_files/figure-latex/PEAS-1.pdf  used on input line 844.
(pdftex.def)             Requested size: 344.997pt x 238.84406pt.
<Censo-SUAS-2022_files/figure-latex/plan_apoio_tec-1.pdf, id=216, 469.755pt x 325.215pt>
File: Censo-SUAS-2022_files/figure-latex/plan_apoio_tec-1.pdf Graphic file (type pdf)
<use Censo-SUAS-2022_files/figure-latex/plan_apoio_tec-1.pdf>
Package pdftex.def Info: Censo-SUAS-2022_files/figure-latex/plan_apoio_tec-1.pdf  used on input line 856.
(pdftex.def)             Requested size: 344.997pt x 238.84406pt.
[22 <./Censo-SUAS-2022_files/figure-latex/municipios-atualizacao-lei-1.pdf>] [23 <./Censo-SUAS-2022_files/figure-latex/PEAS-1.pdf>] [24 <./Censo-SUAS-2022_files/figure-latex/plan_apoio_tec-1.pdf>]

LaTeX Warning: Reference `fig:estados-formas-apoio' on page 1 undefined on input line 883.

<Censo-SUAS-2022_files/figure-latex/estados-formas-apoio-1.pdf, id=251, 469.755pt x 325.215pt>
File: Censo-SUAS-2022_files/figure-latex/estados-formas-apoio-1.pdf Graphic file (type pdf)
<use Censo-SUAS-2022_files/figure-latex/estados-formas-apoio-1.pdf>
Package pdftex.def Info: Censo-SUAS-2022_files/figure-latex/estados-formas-apoio-1.pdf  used on input line 890.
(pdftex.def)             Requested size: 344.997pt x 238.84406pt.

LaTeX Warning: Reference `fig:munic_vit_estadual' on page 1 undefined on input line 893.

<Censo-SUAS-2022_files/figure-latex/munic_vit_estadual-1.pdf, id=252, 469.755pt x 325.215pt>
File: Censo-SUAS-2022_files/figure-latex/munic_vit_estadual-1.pdf Graphic file (type pdf)
<use Censo-SUAS-2022_files/figure-latex/munic_vit_estadual-1.pdf>
Package pdftex.def Info: Censo-SUAS-2022_files/figure-latex/munic_vit_estadual-1.pdf  used on input line 898.
(pdftex.def)             Requested size: 344.997pt x 238.84406pt.

LaTeX Warning: Reference `fig:estados-cofinanciamento-municipios' on page 1 undefined on input line 907.

[25 <./Censo-SUAS-2022_files/figure-latex/estados-formas-apoio-1.pdf>] [26 <./Censo-SUAS-2022_files/figure-latex/munic_vit_estadual-1.pdf>]
<Censo-SUAS-2022_files/figure-latex/estados-cofinanciamento-municipios-1.pdf, id=282, 469.755pt x 325.215pt>
File: Censo-SUAS-2022_files/figure-latex/estados-cofinanciamento-municipios-1.pdf Graphic file (type pdf)
<use Censo-SUAS-2022_files/figure-latex/estados-cofinanciamento-municipios-1.pdf>
Package pdftex.def Info: Censo-SUAS-2022_files/figure-latex/estados-cofinanciamento-municipios-1.pdf  used on input line 922.
(pdftex.def)             Requested size: 344.997pt x 238.84406pt.

LaTeX Warning: Reference `fig:estados-blocos-recursos' on page 1 undefined on input line 925.

[27 <./Censo-SUAS-2022_files/figure-latex/estados-cofinanciamento-municipios-1.pdf>]
<Censo-SUAS-2022_files/figure-latex/estados-blocos-recursos-1.pdf, id=295, 469.755pt x 325.215pt>
File: Censo-SUAS-2022_files/figure-latex/estados-blocos-recursos-1.pdf Graphic file (type pdf)
<use Censo-SUAS-2022_files/figure-latex/estados-blocos-recursos-1.pdf>
Package pdftex.def Info: Censo-SUAS-2022_files/figure-latex/estados-blocos-recursos-1.pdf  used on input line 934.
(pdftex.def)             Requested size: 344.997pt x 238.84406pt.

LaTeX Warning: Reference `fig:municipios-recebimento-recursos' on page 1 undefined on input line 946.


LaTeX Warning: Reference `fig:estado_ord_despesa' on page 1 undefined on input line 951.

<Censo-SUAS-2022_files/figure-latex/estado_ord_despesa-1.pdf, id=296, 469.755pt x 325.215pt>
File: Censo-SUAS-2022_files/figure-latex/estado_ord_despesa-1.pdf Graphic file (type pdf)
<use Censo-SUAS-2022_files/figure-latex/estado_ord_despesa-1.pdf>
Package pdftex.def Info: Censo-SUAS-2022_files/figure-latex/estado_ord_despesa-1.pdf  used on input line 956.
(pdftex.def)             Requested size: 344.997pt x 238.84406pt.

LaTeX Warning: Reference `fig:munic_ord_despesa' on page 1 undefined on input line 962.

[28 <./Censo-SUAS-2022_files/figure-latex/estados-blocos-recursos-1.pdf>] [29 <./Censo-SUAS-2022_files/figure-latex/estado_ord_despesa-1.pdf>]
<Censo-SUAS-2022_files/figure-latex/munic_ord_despesa-1.pdf, id=317, 469.755pt x 325.215pt>
File: Censo-SUAS-2022_files/figure-latex/munic_ord_despesa-1.pdf Graphic file (type pdf)
<use Censo-SUAS-2022_files/figure-latex/munic_ord_despesa-1.pdf>
Package pdftex.def Info: Censo-SUAS-2022_files/figure-latex/munic_ord_despesa-1.pdf  used on input line 970.
(pdftex.def)             Requested size: 344.997pt x 238.84406pt.

LaTeX Warning: Reference `fig:NUEP' on page 1 undefined on input line 974.

<Censo-SUAS-2022_files/figure-latex/NUEP-1.pdf, id=318, 469.755pt x 325.215pt>
File: Censo-SUAS-2022_files/figure-latex/NUEP-1.pdf Graphic file (type pdf)
<use Censo-SUAS-2022_files/figure-latex/NUEP-1.pdf>
Package pdftex.def Info: Censo-SUAS-2022_files/figure-latex/NUEP-1.pdf  used on input line 978.
(pdftex.def)             Requested size: 344.997pt x 238.84406pt.

LaTeX Warning: Reference `fig:municipios-possuem-plano' on page 1 undefined on input line 989.

<Censo-SUAS-2022_files/figure-latex/municipios-possuem-plano-1.pdf, id=319, 469.755pt x 325.215pt>
File: Censo-SUAS-2022_files/figure-latex/municipios-possuem-plano-1.pdf Graphic file (type pdf)
<use Censo-SUAS-2022_files/figure-latex/municipios-possuem-plano-1.pdf>
Package pdftex.def Info: Censo-SUAS-2022_files/figure-latex/municipios-possuem-plano-1.pdf  used on input line 992.
(pdftex.def)             Requested size: 344.997pt x 238.84406pt.
<Censo-SUAS-2022_files/figure-latex/conc_munic-1.pdf, id=320, 469.755pt x 325.215pt>
File: Censo-SUAS-2022_files/figure-latex/conc_munic-1.pdf Graphic file (type pdf)
<use Censo-SUAS-2022_files/figure-latex/conc_munic-1.pdf>
Package pdftex.def Info: Censo-SUAS-2022_files/figure-latex/conc_munic-1.pdf  used on input line 998.
(pdftex.def)             Requested size: 344.997pt x 238.84406pt.
<Censo-SUAS-2022_files/figure-latex/conc_estado-1.pdf, id=321, 469.755pt x 325.215pt>
File: Censo-SUAS-2022_files/figure-latex/conc_estado-1.pdf Graphic file (type pdf)
<use Censo-SUAS-2022_files/figure-latex/conc_estado-1.pdf>
Package pdftex.def Info: Censo-SUAS-2022_files/figure-latex/conc_estado-1.pdf  used on input line 1002.
(pdftex.def)             Requested size: 344.997pt x 238.84406pt.
[30 <./Censo-SUAS-2022_files/figure-latex/munic_ord_despesa-1.pdf>] [31 <./Censo-SUAS-2022_files/figure-latex/NUEP-1.pdf>] [32 <./Censo-SUAS-2022_files/figure-latex/municipios-possuem-plano-1.pdf>] [33 <./Censo-SUAS-2022_files/figure-latex/conc_munic-1.pdf>] [34 <./Censo-SUAS-2022_files/figure-latex/conc_estado-1.pdf>]
<Censo-SUAS-2022_files/figure-latex/postos-cadunico-1.pdf, id=375, 469.755pt x 325.215pt>
File: Censo-SUAS-2022_files/figure-latex/postos-cadunico-1.pdf Graphic file (type pdf)
<use Censo-SUAS-2022_files/figure-latex/postos-cadunico-1.pdf>
Package pdftex.def Info: Censo-SUAS-2022_files/figure-latex/postos-cadunico-1.pdf  used on input line 1029.
(pdftex.def)             Requested size: 344.997pt x 238.84406pt.
[35 <./Censo-SUAS-2022_files/figure-latex/postos-cadunico-1.pdf>]
<Censo-SUAS-2022_files/figure-latex/postcad-acessibilidade-1.pdf, id=388, 469.755pt x 325.215pt>
File: Censo-SUAS-2022_files/figure-latex/postcad-acessibilidade-1.pdf Graphic file (type pdf)
<use Censo-SUAS-2022_files/figure-latex/postcad-acessibilidade-1.pdf>
Package pdftex.def Info: Censo-SUAS-2022_files/figure-latex/postcad-acessibilidade-1.pdf  used on input line 1039.
(pdftex.def)             Requested size: 344.997pt x 238.84406pt.
<Censo-SUAS-2022_files/figure-latex/postcad-acessibilidade-situacao-1.pdf, id=389, 469.755pt x 325.215pt>
File: Censo-SUAS-2022_files/figure-latex/postcad-acessibilidade-situacao-1.pdf Graphic file (type pdf)
<use Censo-SUAS-2022_files/figure-latex/postcad-acessibilidade-situacao-1.pdf>
Package pdftex.def Info: Censo-SUAS-2022_files/figure-latex/postcad-acessibilidade-situacao-1.pdf  used on input line 1043.
(pdftex.def)             Requested size: 344.997pt x 238.84406pt.
<Censo-SUAS-2022_files/figure-latex/postcad-internet-percentual-1.pdf, id=390, 469.755pt x 325.215pt>
File: Censo-SUAS-2022_files/figure-latex/postcad-internet-percentual-1.pdf Graphic file (type pdf)
<use Censo-SUAS-2022_files/figure-latex/postcad-internet-percentual-1.pdf>
Package pdftex.def Info: Censo-SUAS-2022_files/figure-latex/postcad-internet-percentual-1.pdf  used on input line 1047.
(pdftex.def)             Requested size: 344.997pt x 238.84406pt.

Underfull \hbox (badness 2334) in paragraph at lines 1061--1069
[]\T1/lmr/m/n/10 (+20) As subdivisões administrativas que apresentavam maior percentual de
 []

[36 <./Censo-SUAS-2022_files/figure-latex/postcad-acessibilidade-1.pdf>] [37 <./Censo-SUAS-2022_files/figure-latex/postcad-acessibilidade-situacao-1.pdf>] [38 <./Censo-SUAS-2022_files/figure-latex/postcad-internet-percentual-1.pdf>] [39]
Chapter 3.
[40

]

LaTeX Warning: Reference `fig:quantitativo-CRAS' on page 1 undefined on input line 1146.

<Censo-SUAS-2022_files/figure-latex/quantitativo-CRAS-1.pdf, id=439, 469.755pt x 325.215pt>
File: Censo-SUAS-2022_files/figure-latex/quantitativo-CRAS-1.pdf Graphic file (type pdf)
<use Censo-SUAS-2022_files/figure-latex/quantitativo-CRAS-1.pdf>
Package pdftex.def Info: Censo-SUAS-2022_files/figure-latex/quantitativo-CRAS-1.pdf  used on input line 1150.
(pdftex.def)             Requested size: 344.997pt x 238.84406pt.
[41] [42 <./Censo-SUAS-2022_files/figure-latex/quantitativo-CRAS-1.pdf>]
<Censo-SUAS-2022_files/figure-latex/municipios-CRAS-1.pdf, id=460, 469.755pt x 325.215pt>
File: Censo-SUAS-2022_files/figure-latex/municipios-CRAS-1.pdf Graphic file (type pdf)
<use Censo-SUAS-2022_files/figure-latex/municipios-CRAS-1.pdf>
Package pdftex.def Info: Censo-SUAS-2022_files/figure-latex/municipios-CRAS-1.pdf  used on input line 1178.
(pdftex.def)             Requested size: 344.997pt x 238.84406pt.

LaTeX Warning: Reference `fig:CRAS-acessibilidade' on page 1 undefined on input line 1189.

<Censo-SUAS-2022_files/figure-latex/CRAS-acessibilidade-1.pdf, id=461, 469.755pt x 325.215pt>
File: Censo-SUAS-2022_files/figure-latex/CRAS-acessibilidade-1.pdf Graphic file (type pdf)
<use Censo-SUAS-2022_files/figure-latex/CRAS-acessibilidade-1.pdf>
Package pdftex.def Info: Censo-SUAS-2022_files/figure-latex/CRAS-acessibilidade-1.pdf  used on input line 1192.
(pdftex.def)             Requested size: 344.997pt x 238.84406pt.
[43 <./Censo-SUAS-2022_files/figure-latex/municipios-CRAS-1.pdf>] [44 <./Censo-SUAS-2022_files/figure-latex/CRAS-acessibilidade-1.pdf>]

LaTeX Warning: Reference `fig:CRAS-acessibilidade-situacao' on page 1 undefined on input line 1211.

<Censo-SUAS-2022_files/figure-latex/CRAS-acessibilidade-situacao-1.pdf, id=483, 469.755pt x 325.215pt>
File: Censo-SUAS-2022_files/figure-latex/CRAS-acessibilidade-situacao-1.pdf Graphic file (type pdf)
<use Censo-SUAS-2022_files/figure-latex/CRAS-acessibilidade-situacao-1.pdf>
Package pdftex.def Info: Censo-SUAS-2022_files/figure-latex/CRAS-acessibilidade-situacao-1.pdf  used on input line 1223.
(pdftex.def)             Requested size: 344.997pt x 238.84406pt.

LaTeX Warning: Reference `fig:CRAS-internet-quantitativo' on page 1 undefined on input line 1228.


LaTeX Warning: Reference `fig:CRAS-internet-percentual' on page 1 undefined on input line 1229.

<Censo-SUAS-2022_files/figure-latex/CRAS-internet-percentual-1.pdf, id=484, 469.755pt x 325.215pt>
File: Censo-SUAS-2022_files/figure-latex/CRAS-internet-percentual-1.pdf Graphic file (type pdf)
<use Censo-SUAS-2022_files/figure-latex/CRAS-internet-percentual-1.pdf>
Package pdftex.def Info: Censo-SUAS-2022_files/figure-latex/CRAS-internet-percentual-1.pdf  used on input line 1232.
(pdftex.def)             Requested size: 344.997pt x 238.84406pt.
[45] [46 <./Censo-SUAS-2022_files/figure-latex/CRAS-acessibilidade-situacao-1.pdf>] [47 <./Censo-SUAS-2022_files/figure-latex/CRAS-internet-percentual-1.pdf>] [48] [49] [50]
Underfull \hbox (badness 1259) in paragraph at lines 1420--1443
\T1/lmr/m/n/10 (+20) acompanhamento a adolescentes e jovens em cumprimento de medidas
 []

[51] [52]
<Censo-SUAS-2022_files/figure-latex/creas-quantitativo-1.pdf, id=536, 469.755pt x 325.215pt>
File: Censo-SUAS-2022_files/figure-latex/creas-quantitativo-1.pdf Graphic file (type pdf)
<use Censo-SUAS-2022_files/figure-latex/creas-quantitativo-1.pdf>
Package pdftex.def Info: Censo-SUAS-2022_files/figure-latex/creas-quantitativo-1.pdf  used on input line 1538.
(pdftex.def)             Requested size: 344.997pt x 238.84406pt.
<Censo-SUAS-2022_files/figure-latex/CREAS-municipios-1.pdf, id=537, 469.755pt x 325.215pt>
File: Censo-SUAS-2022_files/figure-latex/CREAS-municipios-1.pdf Graphic file (type pdf)
<use Censo-SUAS-2022_files/figure-latex/CREAS-municipios-1.pdf>
Package pdftex.def Info: Censo-SUAS-2022_files/figure-latex/CREAS-municipios-1.pdf  used on input line 1542.
(pdftex.def)             Requested size: 344.997pt x 238.84406pt.
<Censo-SUAS-2022_files/figure-latex/creas-regionais-1.pdf, id=538, 469.755pt x 325.215pt>
File: Censo-SUAS-2022_files/figure-latex/creas-regionais-1.pdf Graphic file (type pdf)
<use Censo-SUAS-2022_files/figure-latex/creas-regionais-1.pdf>
Package pdftex.def Info: Censo-SUAS-2022_files/figure-latex/creas-regionais-1.pdf  used on input line 1546.
(pdftex.def)             Requested size: 344.997pt x 238.84406pt.
<Censo-SUAS-2022_files/figure-latex/creas-situacao-1.pdf, id=539, 469.755pt x 325.215pt>
File: Censo-SUAS-2022_files/figure-latex/creas-situacao-1.pdf Graphic file (type pdf)
<use Censo-SUAS-2022_files/figure-latex/creas-situacao-1.pdf>
Package pdftex.def Info: Censo-SUAS-2022_files/figure-latex/creas-situacao-1.pdf  used on input line 1550.
(pdftex.def)             Requested size: 344.997pt x 238.84406pt.
<Censo-SUAS-2022_files/figure-latex/creas-acessibilidade-1.pdf, id=540, 469.755pt x 325.215pt>
File: Censo-SUAS-2022_files/figure-latex/creas-acessibilidade-1.pdf Graphic file (type pdf)
<use Censo-SUAS-2022_files/figure-latex/creas-acessibilidade-1.pdf>
Package pdftex.def Info: Censo-SUAS-2022_files/figure-latex/creas-acessibilidade-1.pdf  used on input line 1568.
(pdftex.def)             Requested size: 344.997pt x 238.84406pt.
<Censo-SUAS-2022_files/figure-latex/CREAS-acessibilidade-situacao-1.pdf, id=541, 469.755pt x 325.215pt>
File: Censo-SUAS-2022_files/figure-latex/CREAS-acessibilidade-situacao-1.pdf Graphic file (type pdf)
<use Censo-SUAS-2022_files/figure-latex/CREAS-acessibilidade-situacao-1.pdf>
Package pdftex.def Info: Censo-SUAS-2022_files/figure-latex/CREAS-acessibilidade-situacao-1.pdf  used on input line 1572.
(pdftex.def)             Requested size: 344.997pt x 238.84406pt.
[53] [54 <./Censo-SUAS-2022_files/figure-latex/creas-quantitativo-1.pdf>] [55 <./Censo-SUAS-2022_files/figure-latex/CREAS-municipios-1.pdf>] [56 <./Censo-SUAS-2022_files/figure-latex/creas-regionais-1.pdf>] [57 <./Censo-SUAS-2022_files/figure-latex/creas-situacao-1.pdf>] [58 <./Censo-SUAS-2022_files/figure-latex/creas-acessibilidade-1.pdf>] [59 <./Censo-SUAS-2022_files/figure-latex/CREAS-acessibilidade-situacao-1.pdf>]
<Censo-SUAS-2022_files/figure-latex/CREAS-internet-percentual-1.pdf, id=608, 469.755pt x 325.215pt>
File: Censo-SUAS-2022_files/figure-latex/CREAS-internet-percentual-1.pdf Graphic file (type pdf)
<use Censo-SUAS-2022_files/figure-latex/CREAS-internet-percentual-1.pdf>
Package pdftex.def Info: Censo-SUAS-2022_files/figure-latex/CREAS-internet-percentual-1.pdf  used on input line 1593.
(pdftex.def)             Requested size: 344.997pt x 238.84406pt.
<Censo-SUAS-2022_files/figure-latex/CREAS-PSE-Domicilio-1.pdf, id=609, 469.755pt x 325.215pt>
File: Censo-SUAS-2022_files/figure-latex/CREAS-PSE-Domicilio-1.pdf Graphic file (type pdf)
<use Censo-SUAS-2022_files/figure-latex/CREAS-PSE-Domicilio-1.pdf>
Package pdftex.def Info: Censo-SUAS-2022_files/figure-latex/CREAS-PSE-Domicilio-1.pdf  used on input line 1597.
(pdftex.def)             Requested size: 344.997pt x 238.84406pt.
<Censo-SUAS-2022_files/figure-latex/CREAS-abordagem-social-1.pdf, id=610, 469.755pt x 325.215pt>
File: Censo-SUAS-2022_files/figure-latex/CREAS-abordagem-social-1.pdf Graphic file (type pdf)
<use Censo-SUAS-2022_files/figure-latex/CREAS-abordagem-social-1.pdf>
Package pdftex.def Info: Censo-SUAS-2022_files/figure-latex/CREAS-abordagem-social-1.pdf  used on input line 1601.
(pdftex.def)             Requested size: 344.997pt x 238.84406pt.
[60 <./Censo-SUAS-2022_files/figure-latex/CREAS-internet-percentual-1.pdf>] [61 <./Censo-SUAS-2022_files/figure-latex/CREAS-PSE-Domicilio-1.pdf>] [62 <./Censo-SUAS-2022_files/figure-latex/CREAS-abordagem-social-1.pdf>] [63] [64] [65] [66]
Underfull \hbox (badness 3942) in paragraph at lines 1847--1857
[]\T1/lmr/m/n/10 (+20) UNIDADES DE ACOLHIMENTO As Unidades de Acolhimento são
 []


Underfull \hbox (badness 1168) in paragraph at lines 1847--1857
\T1/lmr/m/n/10 (+20) equipamentos que prestam serviços de proteção social especial de alta
 []

[67] [68]
Underfull \hbox (badness 1742) in paragraph at lines 1974--1986
[]\T1/lmr/m/n/10 (+20) ANÁLISE CONJUNTA Alguns equipamentos de prestação de serviços
 []

[69] [70] [71] [72] [73] [74] [75] [76] [77] [78]
Overfull \hbox (0.62639pt too wide) in paragraph at lines 2498--2519
\T1/lmr/m/n/10 (-20) ``Outra formação de nível superior'' inclui advogados, administradores, analistas de
 []

[79] [80] [81] [82] [83]
<Censo-SUAS-2022_files/figure-latex/povos-tradicionais-1.pdf, id=736, 469.755pt x 325.215pt>
File: Censo-SUAS-2022_files/figure-latex/povos-tradicionais-1.pdf Graphic file (type pdf)
<use Censo-SUAS-2022_files/figure-latex/povos-tradicionais-1.pdf>
Package pdftex.def Info: Censo-SUAS-2022_files/figure-latex/povos-tradicionais-1.pdf  used on input line 2766.
(pdftex.def)             Requested size: 344.997pt x 238.84406pt.
<Censo-SUAS-2022_files/figure-latex/be-munic-1.pdf, id=737, 469.755pt x 325.215pt>
File: Censo-SUAS-2022_files/figure-latex/be-munic-1.pdf Graphic file (type pdf)
<use Censo-SUAS-2022_files/figure-latex/be-munic-1.pdf>
Package pdftex.def Info: Censo-SUAS-2022_files/figure-latex/be-munic-1.pdf  used on input line 2773.
(pdftex.def)             Requested size: 344.997pt x 238.84406pt.
<Censo-SUAS-2022_files/figure-latex/be-local-1.pdf, id=738, 469.755pt x 325.215pt>
File: Censo-SUAS-2022_files/figure-latex/be-local-1.pdf Graphic file (type pdf)
<use Censo-SUAS-2022_files/figure-latex/be-local-1.pdf>
Package pdftex.def Info: Censo-SUAS-2022_files/figure-latex/be-local-1.pdf  used on input line 2777.
(pdftex.def)             Requested size: 344.997pt x 238.84406pt.
[84] [85 <./Censo-SUAS-2022_files/figure-latex/povos-tradicionais-1.pdf>] [86 <./Censo-SUAS-2022_files/figure-latex/be-munic-1.pdf>] [87 <./Censo-SUAS-2022_files/figure-latex/be-local-1.pdf>]
Chapter 4.
! Missing $ inserted.
<inserted text> 
                $
l.2797 ...uas/resolucoes/resolucao_n_237_2006.pdf}
                                                  , 
Here is how much of TeX's memory you used:
 17736 strings out of 476894
 317971 string characters out of 5807616
 1931791 words of memory out of 5000000
 38380 multiletter control sequences out of 15000+600000
 634523 words of font info for 193 fonts, out of 8000000 for 9000
 14 hyphenation exceptions out of 8191
 75i,11n,79p,1012b,553s stack positions out of 10000i,1000n,20000p,200000b,200000s

!  ==> Fatal error occurred, no output PDF file produced!
